make all --print-data-base --no-builtin-variables --no-builtin-rules --question
# GNU Make 3.81
# Copyright (C) 2006  Free Software Foundation, Inc.
# This is free software; see the source for copying conditions.
# There is NO warranty; not even for MERCHANTABILITY or FITNESS FOR A
# PARTICULAR PURPOSE.

# This program built for i386-apple-darwin11.3.0
 
make: *** No rule to make target `moving_funcs.o', needed by `so_long'.  Stop.
 

# Make data base, printed on Mon Mar 14 06:09:21 2022

# Variables

# automatic
<D = $(patsubst %/,%,$(dir $<))
# automatic
?F = $(notdir $?)
# environment
VSCODE_LOG_NATIVE = false
# automatic
?D = $(patsubst %/,%,$(dir $?))
# automatic
@D = $(patsubst %/,%,$(dir $@))
# automatic
@F = $(notdir $@)
# makefile
CURDIR := /Users/ytouate/Desktop/so_long
# makefile
SHELL = /bin/sh
# environment
VSCODE_NLS_CONFIG = {"locale":"en-us","availableLanguages":{},"_languagePackSupport":true}
# environment
_ = /usr/bin/make
# makefile (from `Makefile', line 13)
CFLAGS = -Wall -Wextra -Werror
# makefile (from `Makefile', line 1)
MAKEFILE_LIST :=  Makefile
# makefile (from `Makefile', line 62)
OBBS = $(BONUS:.c=.o)
# environment
VSCODE_VERBOSE_LOGGING = true
# makefile (from `Makefile', line 30)
BONUS = ./so_long_bonus.c ./valid_map.c ./valid_map_2.c ./so_long_utils.c ./gnl.c ./gnl_utils.c ./image_put.c ./position_utils.c ./libft_utils.c ./so_long_bonus_utils.c ./moving_utils.c ./image_update.c ./moving_utils_bonus.c
# makefile (from `Makefile', line 47)
OBJS = $(PARTS:.c=.o)
# environment
VSCODE_IPC_HOOK_EXTHOST = /var/folders/zz/zyxvpxvq6csfxvn_n0000h2m00040n/T/vscode-ipc-33f4bbb8-7ef7-442e-83a1-c76ed56bbc8e.sock
# environment
VSCODE_CWD = /
# environment
Apple_PubSub_Socket_Render = /private/tmp/com.apple.launchd.rCqdn62Zdt/Render
# environment
PATH = /usr/local/bin:/usr/bin:/bin:/usr/sbin:/sbin:/usr/local/munki
# environment
LSCOLORS = Gxfxcxdxbxegedabagacad
# environment
VSCODE_LOG_STACK = false
# environment
ELECTRON_RUN_AS_NODE = 1
# default
.FEATURES := target-specific order-only second-expansion else-if archives jobserver check-symlink
# environment
SSH_AUTH_SOCK = /private/tmp/com.apple.launchd.2tqDKWBAdH/Listeners
# automatic
%F = $(notdir $%)
# environment
VSCODE_PIPE_LOGGING = true
# environment
PWD = /Users/ytouate/Desktop/so_long
# makefile (from `Makefile', line 45)
PARTS = $(MANDATORY) $(BONUS)
# environment
ORIGINAL_XDG_CURRENT_DESKTOP = undefined
# makefile (from `Makefile', line 15)
B_NAME = so_long_bonus
# environment
VSCODE_AMD_ENTRYPOINT = vs/workbench/services/extensions/node/extensionHostProcess
# environment
HOME = /Users/ytouate
# default
MAKEFILEPATH := /Applications/Xcode.app/Contents/Developer/Makefiles
# environment
VSCODE_CODE_CACHE_PATH = /Users/ytouate/Library/Application Support/Code/CachedData/f80445acd5a3dadef24aa209168452a3d97cc326
# environment
LOGNAME = ytouate
# environment
APPLICATION_INSIGHTS_NO_DIAGNOSTIC_CHANNEL = 1
# environment
ZSH = /Users/ytouate/.oh-my-zsh
# environment
VSCODE_HANDLES_UNCAUGHT_ERRORS = true
# automatic
^D = $(patsubst %/,%,$(dir $^))
# environment
XPC_FLAGS = 0x0
# default
MAKE = $(MAKE_COMMAND)
# default
MAKECMDGOALS := all
# environment
SHLVL = 1
# default
MAKE_VERSION := 3.81
# environment
USER = ytouate
# makefile
.DEFAULT_GOAL := all
# makefile (from `Makefile', line 14)
NAME = so_long
# environment
LESS = -R
# automatic
%D = $(patsubst %/,%,$(dir $%))
# default
MAKE_COMMAND := /Applications/Xcode.app/Contents/Developer/usr/bin/make
# default
.VARIABLES := 
# environment
TMPDIR = /var/folders/zz/zyxvpxvq6csfxvn_n0000h2m00040n/T/
# automatic
*F = $(notdir $*)
# environment
VSCODE_IPC_HOOK = /Users/ytouate/Library/Application Support/Code/1.64.2-main.sock
# makefile
MAKEFLAGS = Rrqp
# environment
MFLAGS = -Rrqp
# automatic
*D = $(patsubst %/,%,$(dir $*))
# environment
XPC_SERVICE_NAME = com.microsoft.VSCode.1192
# automatic
+D = $(patsubst %/,%,$(dir $+))
# automatic
+F = $(notdir $+)
# environment
__CF_USER_TEXT_ENCODING = 0x1015:0:0
# default
MAKEFILES := 
# automatic
<F = $(notdir $<)
# environment
PAGER = less
# environment
LC_ALL = C
# automatic
^F = $(notdir $^)
# default
SUFFIXES := 
# makefile (from `Makefile', line 17)
MANDATORY = ./gnl.c ./gnl_utils.c ./valid_map.c ./so_long_utils.c ./image_put.c ./position_utils.c ./libft_utils.c ./moving_utils.c ./valid_map_2.c ./image_update.c ./moving_funcs.c
# default
.INCLUDE_DIRS = /usr/local/include
# environment
MAKELEVEL := 0
# environment
LANG = C
# environment
VSCODE_PID = 41933
# variable set hash-table stats:
# Load=73/1024=7%, Rehash=0, Collisions=6/107=6%

# Pattern-specific Variable Values

# No pattern-specific variable values.

# Directories

# . (device 16777227, inode 2457171): 39 files, no impossibilities.

# 39 files, no impossibilities in 1 directories.

# Implicit Rules

# No implicit rules.

# Files

# Not a target:
image_put.o:
#  Implicit rule search has been done.
#  Last modified 2022-03-14 06:08:06
#  File has been updated.
#  Successfully updated.
# variable set hash-table stats:
# Load=0/32=0%, Rehash=0, Collisions=0/0=0%

all: so_long
#  Phony target (prerequisite of .PHONY).
#  Command-line target.
#  Implicit rule search has not been done.
#  File does not exist.
#  File has not been updated.
# variable set hash-table stats:
# Load=0/32=0%, Rehash=0, Collisions=0/0=0%

# Not a target:
gnl.o:
#  Implicit rule search has been done.
#  Last modified 2022-03-14 06:08:06
#  File has been updated.
 
#  Successfully updated.
# variable set hash-table stats:
# Load=0/32=0%, Rehash=0, Collisions=0/0=0%

.PHONY: all clean fclean re bonus
#  Implicit rule search has not been done.
#  Modification time never checked.
#  File has not been updated.

# Not a target:
moving_utils_bonus.o:
#  Implicit rule search has not been done.
#  Modification time never checked.
#  File has not been updated.

# Not a target:
so_long_bonus_utils.o:
#  Implicit rule search has not been done.
#  Modification time never checked.
#  File has not been updated.

# Not a target:
.SUFFIXES:
#  Implicit rule search has not been done.
#  Modification time never checked.
#  File has not been updated.

# Not a target:
Makefile:
#  Implicit rule search has been done.
#  Last modified 2022-03-14 06:09:13
#  File has been updated.
#  Successfully updated.
# variable set hash-table stats:
# Load=0/32=0%, Rehash=0, Collisions=0/0=0%

# Not a target:
valid_map.o:
#  Implicit rule search has been done.
#  Last modified 2022-03-14 06:08:05
#  File has been updated.
#  Successfully updated.
# variable set hash-table stats:
# Load=0/32=0%, Rehash=0, Collisions=0/0=0%

# Not a target:
moving_utils.o:
#  Implicit rule search has been done.
#  Last modified 2022-03-14 06:08:06
#  File has been updated.
#  Successfully updated.
# variable set hash-table stats:
# Load=0/32=0%, Rehash=0, Collisions=0/0=0%

bonus: so_long_bonus
#  Phony target (prerequisite of .PHONY).
#  Implicit rule search has not been done.
#  File does not exist.
#  File has not been updated.

fclean: clean
#  Phony target (prerequisite of .PHONY).
#  Implicit rule search has not been done.
#  File does not exist.
#  File has not been updated.
#  commands to execute (from `Makefile', line 58):
	@rm -f  $(NAME) $(B_NAME) so_long.a
	

# Not a target:
so_long_utils.o:
#  Implicit rule search has been done.
#  Last modified 2022-03-14 06:08:05
#  File has been updated.
#  Successfully updated.
# variable set hash-table stats:
# Load=0/32=0%, Rehash=0, Collisions=0/0=0%

# Not a target:
moving_funcs.o:
#  Implicit rule search has been done.
#  File does not exist.
#  File has not been updated.
# variable set hash-table stats:
# Load=0/32=0%, Rehash=0, Collisions=0/0=0%

# Not a target:
so_long_bonus.o:
#  Implicit rule search has not been done.
#  Modification time never checked.
#  File has not been updated.

so_long_bonus: so_long_bonus.o valid_map.o valid_map_2.o so_long_utils.o gnl.o gnl_utils.o image_put.o position_utils.o libft_utils.o so_long_bonus_utils.o moving_utils.o image_update.o moving_utils_bonus.o
#  Implicit rule search has not been done.
#  Modification time never checked.
#  File has not been updated.
#  commands to execute (from `Makefile', line 65):
	@ar -rc so_long.a $(OBBS)
	@cc $(CFLAGS) -lmlx -framework OpenGL -framework AppKit so_long_bonus.c so_long.a -o $(B_NAME)
	

# Not a target:
.DEFAULT:
#  Implicit rule search has not been done.
#  Modification time never checked.
#  File has not been updated.

# Not a target:
valid_map_2.o:
#  Implicit rule search has been done.
#  Last modified 2022-03-14 06:08:05
#  File has been updated.
#  Successfully updated.
# variable set hash-table stats:
# Load=0/32=0%, Rehash=0, Collisions=0/0=0%

re: fclean all
#  Phony target (prerequisite of .PHONY).
#  Implicit rule search has not been done.
#  File does not exist.
#  File has not been updated.

clean:
#  Phony target (prerequisite of .PHONY).
#  Implicit rule search has not been done.
#  File does not exist.
#  File has not been updated.
#  commands to execute (from `Makefile', line 55):
	@rm -f $(OBJS) so_long.a
	

# Not a target:
gnl_utils.o:
#  Implicit rule search has been done.
#  Last modified 2022-03-14 06:08:06
#  File has been updated.
#  Successfully updated.
# variable set hash-table stats:
# Load=0/32=0%, Rehash=0, Collisions=0/0=0%

# Not a target:
position_utils.o:
#  Implicit rule search has been done.
#  Last modified 2022-03-14 06:08:06
#  File has been updated.
#  Successfully updated.
# variable set hash-table stats:
# Load=0/32=0%, Rehash=0, Collisions=0/0=0%

# Not a target:
image_update.o:
#  Implicit rule search has been done.
#  Last modified 2022-03-14 06:08:06
#  File has been updated.
#  Successfully updated.
# variable set hash-table stats:
# Load=0/32=0%, Rehash=0, Collisions=0/0=0%

so_long: gnl.o gnl_utils.o valid_map.o so_long_utils.o image_put.o position_utils.o libft_utils.o moving_utils.o valid_map_2.o image_update.o moving_funcs.o so_long_bonus.o valid_map.o valid_map_2.o so_long_utils.o gnl.o gnl_utils.o image_put.o position_utils.o libft_utils.o so_long_bonus_utils.o moving_utils.o image_update.o moving_utils_bonus.o
#  Implicit rule search has not been done.
#  File does not exist.
#  File has not been updated.
# variable set hash-table stats:
# Load=0/32=0%, Rehash=0, Collisions=0/0=0%
#  commands to execute (from `Makefile', line 51):
	@ar -rc so_long.a $(OBJS)
	@cc $(CFLAGS) -lmlx -framework OpenGL -framework AppKit so_long.c so_long.a -o $(NAME)
	

# Not a target:
libft_utils.o:
#  Implicit rule search has been done.
#  Last modified 2022-03-14 06:08:06
#  File has been updated.
#  Successfully updated.
# variable set hash-table stats:
# Load=0/32=0%, Rehash=0, Collisions=0/0=0%

# files hash-table stats:
# Load=25/1024=2%, Rehash=0, Collisions=0/85=0%
# VPATH Search Paths

# No `vpath' search paths.

# No general (`VPATH' variable) search path.

# # of strings in strcache: 1
# # of strcache buffers: 1
# strcache size: total = 4096 / max = 4096 / min = 4096 / avg = 4096
# strcache free: total = 4087 / max = 4087 / min = 4087 / avg = 4087

# Finished Make data base on Mon Mar 14 06:09:21 2022

 
